L 1 "src\exec.cpp"
N//
N// begin license header
N//
N// This file is part of Pixy CMUcam5 or "Pixy" for short
N//
N// All Pixy source code is provided under the terms of the
N// GNU General Public License v2 (http://www.gnu.org/licenses/gpl-2.0.html).
N// Those wishing to use Pixy source code, software and/or
N// technologies under different licensing terms should contact us at
N// cmucam@cs.cmu.edu. Such licensing terms are available for
N// all portions of the Pixy codebase presented here.
N//
N// end license header
N//
N#include "exec.h"
L 1 "inc\exec.h" 1
N//
N// begin license header
N//
N// This file is part of Pixy CMUcam5 or "Pixy" for short
N//
N// All Pixy source code is provided under the terms of the
N// GNU General Public License v2 (http://www.gnu.org/licenses/gpl-2.0.html).
N// Those wishing to use Pixy source code, software and/or
N// technologies under different licensing terms should contact us at
N// cmucam@cs.cmu.edu. Such licensing terms are available for
N// all portions of the Pixy codebase presented here.
N//
N// end license header
N//
N
N#include <inttypes.h>
L 1 "C:\Keil_v5\ARM\ARMCC\Bin\..\include\inttypes.h" 1
N/* Copyright (C) ARM Ltd., 1999,2014 */
N/* All rights reserved */
N
N/*
N * RCS $Revision$
N * Checkin $Date$
N * Revising $Author: agrant $
N */
N
N/* Based on WG14/N843 (C9X) Committee Draft August 3, 1998 */
N
N#ifndef __inttypes_h
N#define __inttypes_h
N#define __ARMCLIB_VERSION 5060044
N
N#define _ARMABI __declspec(__nothrow)
N#define _ARMABI_PURE __declspec(__nothrow) __attribute__((const))
N
N#include <stdint.h>
L 1 "C:\Keil_v5\ARM\ARMCC\Bin\..\include\stdint.h" 1
N/* Copyright (C) ARM Ltd., 1999,2014 */
N/* All rights reserved */
N
N/*
N * RCS $Revision$
N * Checkin $Date$
N * Revising $Author: agrant $
N */
N
N#ifndef __stdint_h
N#define __stdint_h
N#define __ARMCLIB_VERSION 5060044
N
N  #ifdef __INT64_TYPE__
S    /* armclang predefines '__INT64_TYPE__' and '__INT64_C_SUFFIX__' */
S    #define __INT64 __INT64_TYPE__
N  #else
N    /* armcc has builtin '__int64' which can be used in --strict mode */
N    #define __INT64 __int64
N    #define __INT64_C_SUFFIX__ ll
N  #endif
N  #define __PASTE2(x, y) x ## y
N  #define __PASTE(x, y) __PASTE2(x, y)
N  #define __INT64_C(x)  __ESCAPE__(__PASTE(x, __INT64_C_SUFFIX__))
N  #define __UINT64_C(x)  __ESCAPE__(__PASTE(x ## u, __INT64_C_SUFFIX__))
N  #if defined(__clang__) || (defined(__ARMCC_VERSION) && !defined(__STRICT_ANSI__))
X  #if 0L || (1L && !0L)
N    /* armclang and non-strict armcc allow 'long long' in system headers */
N    #define __LONGLONG long long
N  #else
S    /* strict armcc has '__int64' */
S    #define __LONGLONG __int64
N  #endif
N
N  #ifndef __STDINT_DECLS
N  #define __STDINT_DECLS
N
N    #undef __CLIBNS
N
N    #ifdef __cplusplus
N      namespace std {
N          #define __CLIBNS std::
N          extern "C" {
N    #else
S      #define __CLIBNS
N    #endif  /* __cplusplus */
N
N
N/*
N * 'signed' is redundant below, except for 'signed char' and if
N * the typedef is used to declare a bitfield.
N */
N
N    /* 7.18.1.1 */
N
N    /* exact-width signed integer types */
Ntypedef   signed          char int8_t;
Ntypedef   signed short     int int16_t;
Ntypedef   signed           int int32_t;
Ntypedef   signed       __INT64 int64_t;
Xtypedef   signed       __int64 int64_t;
N
N    /* exact-width unsigned integer types */
Ntypedef unsigned          char uint8_t;
Ntypedef unsigned short     int uint16_t;
Ntypedef unsigned           int uint32_t;
Ntypedef unsigned       __INT64 uint64_t;
Xtypedef unsigned       __int64 uint64_t;
N
N    /* 7.18.1.2 */
N
N    /* smallest type of at least n bits */
N    /* minimum-width signed integer types */
Ntypedef   signed          char int_least8_t;
Ntypedef   signed short     int int_least16_t;
Ntypedef   signed           int int_least32_t;
Ntypedef   signed       __INT64 int_least64_t;
Xtypedef   signed       __int64 int_least64_t;
N
N    /* minimum-width unsigned integer types */
Ntypedef unsigned          char uint_least8_t;
Ntypedef unsigned short     int uint_least16_t;
Ntypedef unsigned           int uint_least32_t;
Ntypedef unsigned       __INT64 uint_least64_t;
Xtypedef unsigned       __int64 uint_least64_t;
N
N    /* 7.18.1.3 */
N
N    /* fastest minimum-width signed integer types */
Ntypedef   signed           int int_fast8_t;
Ntypedef   signed           int int_fast16_t;
Ntypedef   signed           int int_fast32_t;
Ntypedef   signed       __INT64 int_fast64_t;
Xtypedef   signed       __int64 int_fast64_t;
N
N    /* fastest minimum-width unsigned integer types */
Ntypedef unsigned           int uint_fast8_t;
Ntypedef unsigned           int uint_fast16_t;
Ntypedef unsigned           int uint_fast32_t;
Ntypedef unsigned       __INT64 uint_fast64_t;
Xtypedef unsigned       __int64 uint_fast64_t;
N
N    /* 7.18.1.4 integer types capable of holding object pointers */
N#if __sizeof_ptr == 8
X#if 4 == 8
Stypedef   signed       __INT64 intptr_t;
Stypedef unsigned       __INT64 uintptr_t;
N#else
Ntypedef   signed           int intptr_t;
Ntypedef unsigned           int uintptr_t;
N#endif
N
N    /* 7.18.1.5 greatest-width integer types */
Ntypedef   signed     __LONGLONG intmax_t;
Xtypedef   signed     long long intmax_t;
Ntypedef unsigned     __LONGLONG uintmax_t;
Xtypedef unsigned     long long uintmax_t;
N
N
N#if !defined(__cplusplus) || defined(__STDC_LIMIT_MACROS)
X#if !1L || 0L
S
S    /* 7.18.2.1 */
S
S    /* minimum values of exact-width signed integer types */
S#define INT8_MIN                   -128
S#define INT16_MIN                -32768
S#define INT32_MIN          (~0x7fffffff)   /* -2147483648 is unsigned */
S#define INT64_MIN  __INT64_C(~0x7fffffffffffffff) /* -9223372036854775808 is unsigned */
S
S    /* maximum values of exact-width signed integer types */
S#define INT8_MAX                    127
S#define INT16_MAX                 32767
S#define INT32_MAX            2147483647
S#define INT64_MAX  __INT64_C(9223372036854775807)
S
S    /* maximum values of exact-width unsigned integer types */
S#define UINT8_MAX                   255
S#define UINT16_MAX                65535
S#define UINT32_MAX           4294967295u
S#define UINT64_MAX __UINT64_C(18446744073709551615)
S
S    /* 7.18.2.2 */
S
S    /* minimum values of minimum-width signed integer types */
S#define INT_LEAST8_MIN                   -128
S#define INT_LEAST16_MIN                -32768
S#define INT_LEAST32_MIN          (~0x7fffffff)
S#define INT_LEAST64_MIN  __INT64_C(~0x7fffffffffffffff)
S
S    /* maximum values of minimum-width signed integer types */
S#define INT_LEAST8_MAX                    127
S#define INT_LEAST16_MAX                 32767
S#define INT_LEAST32_MAX            2147483647
S#define INT_LEAST64_MAX  __INT64_C(9223372036854775807)
S
S    /* maximum values of minimum-width unsigned integer types */
S#define UINT_LEAST8_MAX                   255
S#define UINT_LEAST16_MAX                65535
S#define UINT_LEAST32_MAX           4294967295u
S#define UINT_LEAST64_MAX __UINT64_C(18446744073709551615)
S
S    /* 7.18.2.3 */
S
S    /* minimum values of fastest minimum-width signed integer types */
S#define INT_FAST8_MIN           (~0x7fffffff)
S#define INT_FAST16_MIN          (~0x7fffffff)
S#define INT_FAST32_MIN          (~0x7fffffff)
S#define INT_FAST64_MIN  __INT64_C(~0x7fffffffffffffff)
S
S    /* maximum values of fastest minimum-width signed integer types */
S#define INT_FAST8_MAX             2147483647
S#define INT_FAST16_MAX            2147483647
S#define INT_FAST32_MAX            2147483647
S#define INT_FAST64_MAX  __INT64_C(9223372036854775807)
S
S    /* maximum values of fastest minimum-width unsigned integer types */
S#define UINT_FAST8_MAX            4294967295u
S#define UINT_FAST16_MAX           4294967295u
S#define UINT_FAST32_MAX           4294967295u
S#define UINT_FAST64_MAX __UINT64_C(18446744073709551615)
S
S    /* 7.18.2.4 */
S
S    /* minimum value of pointer-holding signed integer type */
S#if __sizeof_ptr == 8
S#define INTPTR_MIN INT64_MIN
S#else
S#define INTPTR_MIN INT32_MIN
S#endif
S
S    /* maximum value of pointer-holding signed integer type */
S#if __sizeof_ptr == 8
S#define INTPTR_MAX INT64_MAX
S#else
S#define INTPTR_MAX INT32_MAX
S#endif
S
S    /* maximum value of pointer-holding unsigned integer type */
S#if __sizeof_ptr == 8
S#define UINTPTR_MAX UINT64_MAX
S#else
S#define UINTPTR_MAX UINT32_MAX
S#endif
S
S    /* 7.18.2.5 */
S
S    /* minimum value of greatest-width signed integer type */
S#define INTMAX_MIN  __ESCAPE__(~0x7fffffffffffffffll)
S
S    /* maximum value of greatest-width signed integer type */
S#define INTMAX_MAX  __ESCAPE__(9223372036854775807ll)
S
S    /* maximum value of greatest-width unsigned integer type */
S#define UINTMAX_MAX __ESCAPE__(18446744073709551615ull)
S
S    /* 7.18.3 */
S
S    /* limits of ptrdiff_t */
S#if __sizeof_ptr == 8
S#define PTRDIFF_MIN INT64_MIN
S#define PTRDIFF_MAX INT64_MAX
S#else
S#define PTRDIFF_MIN INT32_MIN
S#define PTRDIFF_MAX INT32_MAX
S#endif
S
S    /* limits of sig_atomic_t */
S#define SIG_ATOMIC_MIN (~0x7fffffff)
S#define SIG_ATOMIC_MAX   2147483647
S
S    /* limit of size_t */
S#if __sizeof_ptr == 8
S#define SIZE_MAX UINT64_MAX
S#else
S#define SIZE_MAX UINT32_MAX
S#endif
S
S    /* limits of wchar_t */
S    /* NB we have to undef and redef because they're defined in both
S     * stdint.h and wchar.h */
S#undef WCHAR_MIN
S#undef WCHAR_MAX
S
S#if defined(__WCHAR32) || (defined(__ARM_SIZEOF_WCHAR_T) && __ARM_SIZEOF_WCHAR_T == 4)
S  #define WCHAR_MIN   0
S  #define WCHAR_MAX   0xffffffffU
S#else
S  #define WCHAR_MIN   0
S  #define WCHAR_MAX   65535
S#endif
S
S    /* limits of wint_t */
S#define WINT_MIN (~0x7fffffff)
S#define WINT_MAX 2147483647
S
N#endif /* __STDC_LIMIT_MACROS */
N
N#if !defined(__cplusplus) || defined(__STDC_CONSTANT_MACROS)
X#if !1L || 0L
S
S    /* 7.18.4.1 macros for minimum-width integer constants */
S#define INT8_C(x)   (x)
S#define INT16_C(x)  (x)
S#define INT32_C(x)  (x)
S#define INT64_C(x)  __INT64_C(x)
S
S#define UINT8_C(x)  (x ## u)
S#define UINT16_C(x) (x ## u)
S#define UINT32_C(x) (x ## u)
S#define UINT64_C(x) __UINT64_C(x)
S
S    /* 7.18.4.2 macros for greatest-width integer constants */
S#define INTMAX_C(x)  __ESCAPE__(x ## ll)
S#define UINTMAX_C(x) __ESCAPE__(x ## ull)
S
N#endif /* __STDC_CONSTANT_MACROS */
N
N    #ifdef __cplusplus
N         }  /* extern "C" */
N      }  /* namespace std */
N    #endif /* __cplusplus */
N  #endif /* __STDINT_DECLS */
N
N  #ifdef __cplusplus
N    #ifndef __STDINT_NO_EXPORTS
N      using ::std::int8_t;
N      using ::std::int16_t;
N      using ::std::int32_t;
N      using ::std::int64_t;
N      using ::std::uint8_t;
N      using ::std::uint16_t;
N      using ::std::uint32_t;
N      using ::std::uint64_t;
N      using ::std::int_least8_t;
N      using ::std::int_least16_t;
N      using ::std::int_least32_t;
N      using ::std::int_least64_t;
N      using ::std::uint_least8_t;
N      using ::std::uint_least16_t;
N      using ::std::uint_least32_t;
N      using ::std::uint_least64_t;
N      using ::std::int_fast8_t;
N      using ::std::int_fast16_t;
N      using ::std::int_fast32_t;
N      using ::std::int_fast64_t;
N      using ::std::uint_fast8_t;
N      using ::std::uint_fast16_t;
N      using ::std::uint_fast32_t;
N      using ::std::uint_fast64_t;
N      using ::std::intptr_t;
N      using ::std::uintptr_t;
N      using ::std::intmax_t;
N      using ::std::uintmax_t;
N    #endif
N  #endif /* __cplusplus */
N
N#undef __INT64
N#undef __LONGLONG
N
N#endif /* __stdint_h */
N
N/* end of stdint.h */
L 20 "C:\Keil_v5\ARM\ARMCC\Bin\..\include\inttypes.h" 2
N
N#if !defined(__cplusplus) || defined(__STDC_FORMAT_MACROS) || 201103L <= __cplusplus
X#if !1L || 0L || 201103L <= 199711L
S
S#ifdef __LP64__
S  #define __PRISCN64 "l" /* 'int64_t' is 'long' */
S#else
S  #define __PRISCN64 "ll" /* 'int64_t' is 'long long' */
S#endif
S#if __sizeof_ptr == 8
S  #define __PRISCNPTR __PRISCN64 /* 'intptr_t' is 64-bits */
S#else
S  #define __PRISCNPTR /*nothing*/ /* 'intptr_t' is 'int' */
S#endif
S
S
S    /* 7.8.1 */
S
S#define PRId8         "d"
S#define PRId16        "d"
S#define PRId32        "d"
S#define PRId64      __PRISCN64 "d"
S#define PRIdLEAST8    "d"
S#define PRIdLEAST16   "d"
S#define PRIdLEAST32   "d"
S#define PRIdLEAST64 __PRISCN64 "d"
S#define PRIdFAST8     "d"
S#define PRIdFAST16    "d"
S#define PRIdFAST32    "d"
S#define PRIdFAST64  __PRISCN64 "d"
S#define PRIdMAX      "jd"
S#define PRIdPTR     __PRISCNPTR "d"
S
S#define PRIi8         "i"
S#define PRIi16        "i"
S#define PRIi32        "i"
S#define PRIi64      __PRISCN64 "i"
S#define PRIiLEAST8    "i"
S#define PRIiLEAST16   "i"
S#define PRIiLEAST32   "i"
S#define PRIiLEAST64 __PRISCN64 "i"
S#define PRIiFAST8     "i"
S#define PRIiFAST16    "i"
S#define PRIiFAST32    "i"
S#define PRIiFAST64  __PRISCN64 "i"
S#define PRIiMAX      "ji"
S#define PRIiPTR     __PRISCNPTR "i"
S
S#define PRIo8         "o"
S#define PRIo16        "o"
S#define PRIo32        "o"
S#define PRIo64      __PRISCN64 "o"
S#define PRIoLEAST8    "o"
S#define PRIoLEAST16   "o"
S#define PRIoLEAST32   "o"
S#define PRIoLEAST64 __PRISCN64 "o"
S#define PRIoFAST8     "o"
S#define PRIoFAST16    "o"
S#define PRIoFAST32    "o"
S#define PRIoFAST64  __PRISCN64 "o"
S#define PRIoMAX      "jo"
S#define PRIoPTR     __PRISCNPTR "o"
S
S#define PRIu8         "d"
S#define PRIu16        "d"
S#define PRIu32        "u"
S#define PRIu64      __PRISCN64 "u"
S#define PRIuLEAST8    "d"
S#define PRIuLEAST16   "d"
S#define PRIuLEAST32   "u"
S#define PRIuLEAST64 __PRISCN64 "u"
S#define PRIuFAST8     "u"
S#define PRIuFAST16    "u"
S#define PRIuFAST32    "u"
S#define PRIuFAST64  __PRISCN64 "u"
S#define PRIuMAX      "ju"
S#define PRIuPTR     __PRISCNPTR "u"
S
S#define PRIx8         "x"
S#define PRIx16        "x"
S#define PRIx32        "x"
S#define PRIx64      __PRISCN64 "x"
S#define PRIxLEAST8    "x"
S#define PRIxLEAST16   "x"
S#define PRIxLEAST32   "x"
S#define PRIxLEAST64 __PRISCN64 "x"
S#define PRIxFAST8     "x"
S#define PRIxFAST16    "x"
S#define PRIxFAST32    "x"
S#define PRIxFAST64  __PRISCN64 "x"
S#define PRIxMAX      "jx"
S#define PRIxPTR     __PRISCNPTR "x"
S
S#define PRIX8         "X"
S#define PRIX16        "X"
S#define PRIX32        "X"
S#define PRIX64      __PRISCN64 "X"
S#define PRIXLEAST8    "X"
S#define PRIXLEAST16   "X"
S#define PRIXLEAST32   "X"
S#define PRIXLEAST64 __PRISCN64 "X"
S#define PRIXFAST8     "X"
S#define PRIXFAST16    "X"
S#define PRIXFAST32    "X"
S#define PRIXFAST64  __PRISCN64 "X"
S#define PRIXMAX      "jX"
S#define PRIXPTR     __PRISCNPTR "X"
S
S#define SCNd8       "hhd"
S#define SCNd16       "hd"
S#define SCNd32        "d"
S#define SCNd64      __PRISCN64 "d"
S#define SCNdLEAST8  "hhd"
S#define SCNdLEAST16  "hd"
S#define SCNdLEAST32   "d"
S#define SCNdLEAST64 __PRISCN64 "d"
S#define SCNdFAST8     "d"
S#define SCNdFAST16    "d"
S#define SCNdFAST32    "d"
S#define SCNdFAST64  __PRISCN64 "d"
S#define SCNdMAX      "jd"
S#define SCNdPTR     __PRISCNPTR "d"
S
S#define SCNi8       "hhd"
S#define SCNi16       "hi"
S#define SCNi32        "i"
S#define SCNi64      __PRISCN64 "i"
S#define SCNiLEAST8  "hhi"
S#define SCNiLEAST16  "hi"
S#define SCNiLEAST32   "i"
S#define SCNiLEAST64 __PRISCN64 "i"
S#define SCNiFAST8     "i"
S#define SCNiFAST16    "i"
S#define SCNiFAST32    "i"
S#define SCNiFAST64  __PRISCN64 "i"
S#define SCNiMAX      "ji"
S#define SCNiPTR     __PRISCNPTR "i"
S
S#define SCNo8       "hho"
S#define SCNo16       "ho"
S#define SCNo32        "o"
S#define SCNo64      __PRISCN64 "o"
S#define SCNoLEAST8  "hho"
S#define SCNoLEAST16  "ho"
S#define SCNoLEAST32   "o"
S#define SCNoLEAST64 __PRISCN64 "o"
S#define SCNoFAST8     "o"
S#define SCNoFAST16    "o"
S#define SCNoFAST32    "o"
S#define SCNoFAST64  __PRISCN64 "o"
S#define SCNoMAX      "jo"
S#define SCNoPTR     __PRISCNPTR "o"
S
S#define SCNu8       "hhu"
S#define SCNu16       "hu"
S#define SCNu32        "u"
S#define SCNu64      __PRISCN64 "u"
S#define SCNuLEAST8  "hhu"
S#define SCNuLEAST16  "hu"
S#define SCNuLEAST32   "u"
S#define SCNuLEAST64 __PRISCN64 "u"
S#define SCNuFAST8     "u"
S#define SCNuFAST16    "u"
S#define SCNuFAST32    "u"
S#define SCNuFAST64  __PRISCN64 "u"
S#define SCNuMAX      "ju"
S#define SCNuPTR     __PRISCNPTR "u"
S
S#define SCNx8       "hhx"
S#define SCNx16       "hx"
S#define SCNx32        "x"
S#define SCNx64      __PRISCN64 "x"
S#define SCNxLEAST8  "hhx"
S#define SCNxLEAST16  "hx"
S#define SCNxLEAST32   "x"
S#define SCNxLEAST64 __PRISCN64 "x"
S#define SCNxFAST8     "x"
S#define SCNxFAST16    "x"
S#define SCNxFAST32    "x"
S#define SCNxFAST64  __PRISCN64 "x"
S#define SCNxMAX      "jx"
S#define SCNxPTR     __PRISCNPTR "x"
S
N#endif /* __STDC_FORMAT_MACROS */
N
N#ifndef __cplusplus  /* wchar_t is a builtin type for C++ */
S  #if !defined(__STRICT_ANSI__)
S   /* unconditional in non-strict C for consistency of debug info */
S    #if defined(__WCHAR32) || (defined(__ARM_SIZEOF_WCHAR_T) && __ARM_SIZEOF_WCHAR_T == 4)
S      typedef unsigned int wchar_t; /* see <stddef.h> */
S    #else
S      typedef unsigned short wchar_t; /* see <stddef.h> */
S    #endif
S  #elif !defined(__wchar_t)
S    #define __wchar_t 1
S    #if defined(__WCHAR32) || (defined(__ARM_SIZEOF_WCHAR_T) && __ARM_SIZEOF_WCHAR_T == 4)
S      typedef unsigned int wchar_t; /* see <stddef.h> */
S    #else
S      typedef unsigned short wchar_t; /* see <stddef.h> */
S    #endif
S  #endif
N#endif
N
Ntypedef struct imaxdiv_t { intmax_t quot, rem; } imaxdiv_t;
N   /* type of the value returned by the imaxdiv function. */
N
N#ifdef __cplusplus
Nextern "C" {
N#endif
N
N_ARMABI intmax_t strtoimax(const char * __restrict /*nptr*/,
X__declspec(__nothrow) intmax_t strtoimax(const char * __restrict  ,
N                   char ** __restrict /*endptr*/, int /*base*/) __attribute__((__nonnull__(1)));
N    /* as for strtol */
N_ARMABI uintmax_t strtoumax(const char * __restrict /*nptr*/,
X__declspec(__nothrow) uintmax_t strtoumax(const char * __restrict  ,
N                    char ** __restrict /*endptr*/, int /*base*/) __attribute__((__nonnull__(1)));
N    /* as for strtoul */
N
N_ARMABI intmax_t wcstoimax(const wchar_t * __restrict /*nptr*/,
X__declspec(__nothrow) intmax_t wcstoimax(const wchar_t * __restrict  ,
N                   wchar_t ** __restrict /*endptr*/, int /*base*/) __attribute__((__nonnull__(1)));
N_ARMABI uintmax_t wcstoumax(const wchar_t * __restrict /*nptr*/,
X__declspec(__nothrow) uintmax_t wcstoumax(const wchar_t * __restrict  ,
N                    wchar_t ** __restrict /*endptr*/, int /*base*/) __attribute__((__nonnull__(1)));
N
Nextern _ARMABI_PURE intmax_t imaxabs(intmax_t /*j*/);
Xextern __declspec(__nothrow) __attribute__((const)) intmax_t imaxabs(intmax_t  );
N   /*
N    * computes the absolute value of an intmax_t j. If the result cannot be
N    * represented, the behaviour is undefined.
N    * Returns: the absolute value.
N    */
Nextern _ARMABI_PURE imaxdiv_t imaxdiv(intmax_t /*numer*/, intmax_t /*denom*/);
Xextern __declspec(__nothrow) __attribute__((const)) imaxdiv_t imaxdiv(intmax_t  , intmax_t  );
N   /*
N    * computes the quotient and remainder of the division of the numerator
N    * numer by the denominator denom. If the division is inexact, the sign of
N    * the resulting quotient is that of the algebraic quotient, and the
N    * magnitude of the resulting quotient is the largest integer less than the
N    * magnitude of the algebraic quotient. If the result cannot be represented,
N    * the behaviour is undefined; otherwise, quot * denom + rem shall equal
N    * numer.
N    * Returns: a structure of type imaxdiv_t, comprising both the quotient and
N    *          the remainder. the structure shall contain the following
N    *          members, in either order.
N    *          intmax_t quot; intmax_t rem;
N    */
N
N#ifdef __cplusplus
N}
N#endif
N
N#endif /* __inttypes_h */
N
N/* end of inttypes.h */
N
L 17 "inc\exec.h" 2
N#include <stdlib.h>
L 1 "C:\Keil_v5\ARM\ARMCC\Bin\..\include\stdlib.h" 1
N/* stdlib.h: ANSI draft (X3J11 May 88) library header, section 4.10 */
N/* Copyright (C) Codemist Ltd., 1988-1993.                          */
N/* Copyright 1991-1998,2014 ARM Limited. All rights reserved.       */
N/*
N * RCS $Revision$
N * Checkin $Date$
N * Revising $Author: agrant $
N */
N 
N/*
N * stdlib.h declares four types, several general purpose functions,
N * and defines several macros.
N */
N
N#ifndef __stdlib_h
N#define __stdlib_h
N#define __ARMCLIB_VERSION 5060044
N
N#if defined(__clang__) || (defined(__ARMCC_VERSION) && !defined(__STRICT_ANSI__))
X#if 0L || (1L && !0L)
N  /* armclang and non-strict armcc allow 'long long' in system headers */
N  #define __LONGLONG long long
N#else
S  /* strict armcc has '__int64' */
S  #define __LONGLONG __int64
N#endif
N
N#define _ARMABI __declspec(__nothrow)
N#define _ARMABI_PURE __declspec(__nothrow) __attribute__((const))
N#define _ARMABI_NORETURN __declspec(__nothrow) __declspec(__noreturn)
N#define _ARMABI_THROW
N
N  #ifndef __STDLIB_DECLS
N  #define __STDLIB_DECLS
N
N  /*
N   * Some of these declarations are new in C99.  To access them in C++
N   * you can use -D__USE_C99_STDLIB (or -D__USE_C99ALL).
N   */
N  #ifndef __USE_C99_STDLIB
N    #if defined(__USE_C99_ALL) || (defined(__STDC_VERSION__) && 199901L <= __STDC_VERSION__) || (defined(__cplusplus) && 201103L <= __cplusplus)
X    #if 0L || (0L && 199901L <= __STDC_VERSION__) || (1L && 201103L <= 199711L)
S      #define __USE_C99_STDLIB 1
N    #endif
N  #endif
N
N    #undef __CLIBNS
N
N    #ifdef __cplusplus
N      namespace std {
N          #define __CLIBNS ::std::
N          extern "C" {
N    #else
S      #define __CLIBNS
N    #endif  /* __cplusplus */
N
N#if defined(__cplusplus) || !defined(__STRICT_ANSI__)
X#if 1L || !0L
N /* unconditional in C++ and non-strict C for consistency of debug info */
N  #if __sizeof_ptr == 8
X  #if 4 == 8
S    typedef unsigned long size_t;   /* see <stddef.h> */
N  #else
N    typedef unsigned int size_t;   /* see <stddef.h> */
N  #endif
N#elif !defined(__size_t)
S  #define __size_t 1
S  #if __sizeof_ptr == 8
S    typedef unsigned long size_t;   /* see <stddef.h> */
S  #else
S    typedef unsigned int size_t;   /* see <stddef.h> */
S  #endif
N#endif
N
N#undef NULL
N#define NULL 0                   /* see <stddef.h> */
N
N#ifndef __cplusplus  /* wchar_t is a builtin type for C++ */
S  #if !defined(__STRICT_ANSI__)
S   /* unconditional in non-strict C for consistency of debug info */
S   #if defined(__WCHAR32) || (defined(__ARM_SIZEOF_WCHAR_T) && __ARM_SIZEOF_WCHAR_T == 4)
S    typedef unsigned int wchar_t; /* see <stddef.h> */
S   #else
S    typedef unsigned short wchar_t; /* see <stddef.h> */
S   #endif
S  #elif !defined(__wchar_t)
S    #define __wchar_t 1
S   #if defined(__WCHAR32) || (defined(__ARM_SIZEOF_WCHAR_T) && __ARM_SIZEOF_WCHAR_T == 4)
S    typedef unsigned int wchar_t; /* see <stddef.h> */
S   #else
S    typedef unsigned short wchar_t; /* see <stddef.h> */
S   #endif
S  #endif
N#endif
N
Ntypedef struct div_t { int quot, rem; } div_t;
N   /* type of the value returned by the div function. */
Ntypedef struct ldiv_t { long int quot, rem; } ldiv_t;
N   /* type of the value returned by the ldiv function. */
N#if !defined(__STRICT_ANSI__) || __USE_C99_STDLIB
X#if !0L || __USE_C99_STDLIB
Ntypedef struct lldiv_t { __LONGLONG quot, rem; } lldiv_t;
Xtypedef struct lldiv_t { long long quot, rem; } lldiv_t;
N   /* type of the value returned by the lldiv function. */
N#endif
N
N#ifdef __EXIT_FAILURE
S#  define EXIT_FAILURE __EXIT_FAILURE
S   /*
S    * an integral expression which may be used as an argument to the exit
S    * function to return unsuccessful termination status to the host
S    * environment.
S    */
N#else
N#  define EXIT_FAILURE 1  /* unixoid */
N#endif
N#define EXIT_SUCCESS 0
N   /*
N    * an integral expression which may be used as an argument to the exit
N    * function to return successful termination status to the host
N    * environment.
N    */
N
N   /*
N    * Defining __USE_ANSI_EXAMPLE_RAND at compile time switches to
N    * the example implementation of rand() and srand() provided in
N    * the ANSI C standard. This implementation is very poor, but is
N    * provided for completeness.
N    */
N#ifdef __USE_ANSI_EXAMPLE_RAND
S#define srand _ANSI_srand
S#define rand _ANSI_rand
S#define RAND_MAX 0x7fff
N#else
N#define RAND_MAX 0x7fffffff
N#endif
N   /*
N    * RAND_MAX: an integral constant expression, the value of which
N    * is the maximum value returned by the rand function.
N    */
Nextern _ARMABI int __aeabi_MB_CUR_MAX(void);
Xextern __declspec(__nothrow) int __aeabi_MB_CUR_MAX(void);
N#define MB_CUR_MAX ( __aeabi_MB_CUR_MAX() )
N   /*
N    * a positive integer expression whose value is the maximum number of bytes
N    * in a multibyte character for the extended character set specified by the
N    * current locale (category LC_CTYPE), and whose value is never greater
N    * than MB_LEN_MAX.
N    */
N
N   /*
N    * If the compiler supports signalling nans as per N965 then it
N    * will define __SUPPORT_SNAN__, in which case a user may define
N    * _WANT_SNAN in order to obtain a compliant version of the strtod
N    * family of functions.
N    */
N#if defined(__SUPPORT_SNAN__) && defined(_WANT_SNAN)
X#if 0L && 0L
S#pragma import(__use_snan)
N#endif
N
Nextern _ARMABI double atof(const char * /*nptr*/) __attribute__((__nonnull__(1)));
Xextern __declspec(__nothrow) double atof(const char *  ) __attribute__((__nonnull__(1)));
N   /*
N    * converts the initial part of the string pointed to by nptr to double
N    * representation.
N    * Returns: the converted value.
N    */
Nextern _ARMABI int atoi(const char * /*nptr*/) __attribute__((__nonnull__(1)));
Xextern __declspec(__nothrow) int atoi(const char *  ) __attribute__((__nonnull__(1)));
N   /*
N    * converts the initial part of the string pointed to by nptr to int
N    * representation.
N    * Returns: the converted value.
N    */
Nextern _ARMABI long int atol(const char * /*nptr*/) __attribute__((__nonnull__(1)));
Xextern __declspec(__nothrow) long int atol(const char *  ) __attribute__((__nonnull__(1)));
N   /*
N    * converts the initial part of the string pointed to by nptr to long int
N    * representation.
N    * Returns: the converted value.
N    */
N#if !defined(__STRICT_ANSI__) || __USE_C99_STDLIB
X#if !0L || __USE_C99_STDLIB
Nextern _ARMABI __LONGLONG atoll(const char * /*nptr*/) __attribute__((__nonnull__(1)));
Xextern __declspec(__nothrow) long long atoll(const char *  ) __attribute__((__nonnull__(1)));
N   /*
N    * converts the initial part of the string pointed to by nptr to
N    * long long int representation.
N    * Returns: the converted value.
N    */
N#endif
N
Nextern _ARMABI double strtod(const char * __restrict /*nptr*/, char ** __restrict /*endptr*/) __attribute__((__nonnull__(1)));
Xextern __declspec(__nothrow) double strtod(const char * __restrict  , char ** __restrict  ) __attribute__((__nonnull__(1)));
N   /*
N    * converts the initial part of the string pointed to by nptr to double
N    * representation. First it decomposes the input string into three parts:
N    * an initial, possibly empty, sequence of white-space characters (as
N    * specified by the isspace function), a subject sequence resembling a
N    * floating point constant; and a final string of one or more unrecognised
N    * characters, including the terminating null character of the input string.
N    * Then it attempts to convert the subject sequence to a floating point
N    * number, and returns the result. A pointer to the final string is stored
N    * in the object pointed to by endptr, provided that endptr is not a null
N    * pointer.
N    * Returns: the converted value if any. If no conversion could be performed,
N    *          zero is returned. If the correct value is outside the range of
N    *          representable values, plus or minus HUGE_VAL is returned
N    *          (according to the sign of the value), and the value of the macro
N    *          ERANGE is stored in errno. If the correct value would cause
N    *          underflow, zero is returned and the value of the macro ERANGE is
N    *          stored in errno.
N    */
N#if !defined(__STRICT_ANSI__) || __USE_C99_STDLIB
X#if !0L || __USE_C99_STDLIB
Nextern _ARMABI float strtof(const char * __restrict /*nptr*/, char ** __restrict /*endptr*/) __attribute__((__nonnull__(1)));
Xextern __declspec(__nothrow) float strtof(const char * __restrict  , char ** __restrict  ) __attribute__((__nonnull__(1)));
Nextern _ARMABI long double strtold(const char * __restrict /*nptr*/, char ** __restrict /*endptr*/) __attribute__((__nonnull__(1)));
Xextern __declspec(__nothrow) long double strtold(const char * __restrict  , char ** __restrict  ) __attribute__((__nonnull__(1)));
N   /*
N    * same as strtod, but return float and long double respectively.
N    */
N#endif
Nextern _ARMABI long int strtol(const char * __restrict /*nptr*/,
Xextern __declspec(__nothrow) long int strtol(const char * __restrict  ,
N                        char ** __restrict /*endptr*/, int /*base*/) __attribute__((__nonnull__(1)));
N   /*
N    * converts the initial part of the string pointed to by nptr to long int
N    * representation. First it decomposes the input string into three parts:
N    * an initial, possibly empty, sequence of white-space characters (as
N    * specified by the isspace function), a subject sequence resembling an
N    * integer represented in some radix determined by the value of base, and a
N    * final string of one or more unrecognised characters, including the
N    * terminating null character of the input string. Then it attempts to
N    * convert the subject sequence to an integer, and returns the result.
N    * If the value of base is 0, the expected form of the subject sequence is
N    * that of an integer constant (described in ANSI Draft, section 3.1.3.2),
N    * optionally preceded by a '+' or '-' sign, but not including an integer
N    * suffix. If the value of base is between 2 and 36, the expected form of
N    * the subject sequence is a sequence of letters and digits representing an
N    * integer with the radix specified by base, optionally preceded by a plus
N    * or minus sign, but not including an integer suffix. The letters from a
N    * (or A) through z (or Z) are ascribed the values 10 to 35; only letters
N    * whose ascribed values are less than that of the base are permitted. If
N    * the value of base is 16, the characters 0x or 0X may optionally precede
N    * the sequence of letters and digits following the sign if present.
N    * A pointer to the final string is stored in the object
N    * pointed to by endptr, provided that endptr is not a null pointer.
N    * Returns: the converted value if any. If no conversion could be performed,
N    *          zero is returned and nptr is stored in *endptr.
N    *          If the correct value is outside the range of
N    *          representable values, LONG_MAX or LONG_MIN is returned
N    *          (according to the sign of the value), and the value of the
N    *          macro ERANGE is stored in errno.
N    */
Nextern _ARMABI unsigned long int strtoul(const char * __restrict /*nptr*/,
Xextern __declspec(__nothrow) unsigned long int strtoul(const char * __restrict  ,
N                                       char ** __restrict /*endptr*/, int /*base*/) __attribute__((__nonnull__(1)));
N   /*
N    * converts the initial part of the string pointed to by nptr to unsigned
N    * long int representation. First it decomposes the input string into three
N    * parts: an initial, possibly empty, sequence of white-space characters (as
N    * determined by the isspace function), a subject sequence resembling an
N    * unsigned integer represented in some radix determined by the value of
N    * base, and a final string of one or more unrecognised characters,
N    * including the terminating null character of the input string. Then it
N    * attempts to convert the subject sequence to an unsigned integer, and
N    * returns the result. If the value of base is zero, the expected form of
N    * the subject sequence is that of an integer constant (described in ANSI
N    * Draft, section 3.1.3.2), optionally preceded by a '+' or '-' sign, but
N    * not including an integer suffix. If the value of base is between 2 and
N    * 36, the expected form of the subject sequence is a sequence of letters
N    * and digits representing an integer with the radix specified by base,
N    * optionally preceded by a '+' or '-' sign, but not including an integer
N    * suffix. The letters from a (or A) through z (or Z) stand for the values
N    * 10 to 35; only letters whose ascribed values are less than that of the
N    * base are permitted. If the value of base is 16, the characters 0x or 0X
N    * may optionally precede the sequence of letters and digits following the
N    * sign, if present. A pointer to the final string is stored in the object
N    * pointed to by endptr, provided that endptr is not a null pointer.
N    * Returns: the converted value if any. If no conversion could be performed,
N    *          zero is returned and nptr is stored in *endptr.
N    *          If the correct value is outside the range of
N    *          representable values, ULONG_MAX is returned, and the value of
N    *          the macro ERANGE is stored in errno.
N    */
N
N/* C90 reserves all names beginning with 'str' */
Nextern _ARMABI __LONGLONG strtoll(const char * __restrict /*nptr*/,
Xextern __declspec(__nothrow) long long strtoll(const char * __restrict  ,
N                                  char ** __restrict /*endptr*/, int /*base*/)
N                          __attribute__((__nonnull__(1)));
N   /*
N    * as strtol but returns a long long int value.  If the correct value is
N    * outside the range of representable values,  LLONG_MAX or LLONG_MIN is
N    * returned (according to the sign of the value), and the value of the
N    * macro ERANGE is stored in errno.
N    */
Nextern _ARMABI unsigned __LONGLONG strtoull(const char * __restrict /*nptr*/,
Xextern __declspec(__nothrow) unsigned long long strtoull(const char * __restrict  ,
N                                            char ** __restrict /*endptr*/, int /*base*/)
N                                   __attribute__((__nonnull__(1)));
N   /*
N    * as strtoul but returns an unsigned long long int value.  If the correct
N    * value is outside the range of representable values, ULLONG_MAX is returned,
N    * and the value of the macro ERANGE is stored in errno.
N    */
N
Nextern _ARMABI int rand(void);
Xextern __declspec(__nothrow) int rand(void);
N   /*
N    * Computes a sequence of pseudo-random integers in the range 0 to RAND_MAX.
N    * Uses an additive generator (Mitchell & Moore) of the form:
N    *   Xn = (X[n-24] + X[n-55]) MOD 2^31
N    * This is described in section 3.2.2 of Knuth, vol 2. It's period is
N    * in excess of 2^55 and its randomness properties, though unproven, are
N    * conjectured to be good. Empirical testing since 1958 has shown no flaws.
N    * Returns: a pseudo-random integer.
N    */
Nextern _ARMABI void srand(unsigned int /*seed*/);
Xextern __declspec(__nothrow) void srand(unsigned int  );
N   /*
N    * uses its argument as a seed for a new sequence of pseudo-random numbers
N    * to be returned by subsequent calls to rand. If srand is then called with
N    * the same seed value, the sequence of pseudo-random numbers is repeated.
N    * If rand is called before any calls to srand have been made, the same
N    * sequence is generated as when srand is first called with a seed value
N    * of 1.
N    */
N
Nstruct _rand_state { int __x[57]; };
Nextern _ARMABI int _rand_r(struct _rand_state *);
Xextern __declspec(__nothrow) int _rand_r(struct _rand_state *);
Nextern _ARMABI void _srand_r(struct _rand_state *, unsigned int);
Xextern __declspec(__nothrow) void _srand_r(struct _rand_state *, unsigned int);
Nstruct _ANSI_rand_state { int __x[1]; };
Nextern _ARMABI int _ANSI_rand_r(struct _ANSI_rand_state *);
Xextern __declspec(__nothrow) int _ANSI_rand_r(struct _ANSI_rand_state *);
Nextern _ARMABI void _ANSI_srand_r(struct _ANSI_rand_state *, unsigned int);
Xextern __declspec(__nothrow) void _ANSI_srand_r(struct _ANSI_rand_state *, unsigned int);
N   /*
N    * Re-entrant variants of both flavours of rand, which operate on
N    * an explicitly supplied state buffer.
N    */
N
Nextern _ARMABI void *calloc(size_t /*nmemb*/, size_t /*size*/);
Xextern __declspec(__nothrow) void *calloc(size_t  , size_t  );
N   /*
N    * allocates space for an array of nmemb objects, each of whose size is
N    * 'size'. The space is initialised to all bits zero.
N    * Returns: either a null pointer or a pointer to the allocated space.
N    */
Nextern _ARMABI void free(void * /*ptr*/);
Xextern __declspec(__nothrow) void free(void *  );
N   /*
N    * causes the space pointed to by ptr to be deallocated (i.e., made
N    * available for further allocation). If ptr is a null pointer, no action
N    * occurs. Otherwise, if ptr does not match a pointer earlier returned by
N    * calloc, malloc or realloc or if the space has been deallocated by a call
N    * to free or realloc, the behaviour is undefined.
N    */
Nextern _ARMABI void *malloc(size_t /*size*/);
Xextern __declspec(__nothrow) void *malloc(size_t  );
N   /*
N    * allocates space for an object whose size is specified by 'size' and whose
N    * value is indeterminate.
N    * Returns: either a null pointer or a pointer to the allocated space.
N    */
Nextern _ARMABI void *realloc(void * /*ptr*/, size_t /*size*/);
Xextern __declspec(__nothrow) void *realloc(void *  , size_t  );
N   /*
N    * changes the size of the object pointed to by ptr to the size specified by
N    * size. The contents of the object shall be unchanged up to the lesser of
N    * the new and old sizes. If the new size is larger, the value of the newly
N    * allocated portion of the object is indeterminate. If ptr is a null
N    * pointer, the realloc function behaves like a call to malloc for the
N    * specified size. Otherwise, if ptr does not match a pointer earlier
N    * returned by calloc, malloc or realloc, or if the space has been
N    * deallocated by a call to free or realloc, the behaviour is undefined.
N    * If the space cannot be allocated, the object pointed to by ptr is
N    * unchanged. If size is zero and ptr is not a null pointer, the object it
N    * points to is freed.
N    * Returns: either a null pointer or a pointer to the possibly moved
N    *          allocated space.
N    */
N#if !defined(__STRICT_ANSI__)
X#if !0L
Nextern _ARMABI int posix_memalign(void ** /*ret*/, size_t /*alignment*/, size_t /*size*/);
Xextern __declspec(__nothrow) int posix_memalign(void **  , size_t  , size_t  );
N   /*
N    * allocates space for an object of size 'size', aligned to a
N    * multiple of 'alignment' (which must be a power of two and at
N    * least 4).
N    *
N    * On success, a pointer to the allocated object is stored in
N    * *ret, and zero is returned. On failure, the return value is
N    * either ENOMEM (allocation failed because no suitable piece of
N    * memory was available) or EINVAL (the 'alignment' parameter was
N    * invalid).
N    */
N#endif
Ntypedef int (*__heapprt)(void *, char const *, ...);
Nextern _ARMABI void __heapstats(int (* /*dprint*/)(void * /*param*/,
Xextern __declspec(__nothrow) void __heapstats(int (*  )(void *  ,
N                                           char const * /*format*/, ...),
N                        void * /*param*/) __attribute__((__nonnull__(1)));
N   /*
N    * reports current heap statistics (eg. number of free blocks in
N    * the free-list). Output is as implementation-defined free-form
N    * text, provided via the dprint function. `param' gives an
N    * extra data word to pass to dprint. You can call
N    * __heapstats(fprintf,stdout) by casting fprintf to the above
N    * function type; the typedef `__heapprt' is provided for this
N    * purpose.
N    *
N    * `dprint' will not be called while the heap is being examined,
N    * so it can allocate memory itself without trouble.
N    */
Nextern _ARMABI int __heapvalid(int (* /*dprint*/)(void * /*param*/,
Xextern __declspec(__nothrow) int __heapvalid(int (*  )(void *  ,
N                                           char const * /*format*/, ...),
N                       void * /*param*/, int /*verbose*/) __attribute__((__nonnull__(1)));
N   /*
N    * performs a consistency check on the heap. Errors are reported
N    * through dprint, like __heapstats. If `verbose' is nonzero,
N    * full diagnostic information on the heap state is printed out.
N    *
N    * This routine probably won't work if the heap isn't a
N    * contiguous chunk (for example, if __user_heap_extend has been
N    * overridden).
N    *
N    * `dprint' may be called while the heap is being examined or
N    * even in an invalid state, so it must perform no memory
N    * allocation. In particular, if `dprint' calls (or is) a stdio
N    * function, the stream it outputs to must already have either
N    * been written to or been setvbuf'ed, or else the system will
N    * allocate buffer space for it on the first call to dprint.
N    */
Nextern _ARMABI_NORETURN void abort(void);
Xextern __declspec(__nothrow) __declspec(__noreturn) void abort(void);
N   /*
N    * causes abnormal program termination to occur, unless the signal SIGABRT
N    * is being caught and the signal handler does not return. Whether open
N    * output streams are flushed or open streams are closed or temporary
N    * files removed is implementation-defined.
N    * An implementation-defined form of the status 'unsuccessful termination'
N    * is returned to the host environment by means of a call to
N    * raise(SIGABRT).
N    */
N
Nextern _ARMABI int atexit(void (* /*func*/)(void)) __attribute__((__nonnull__(1)));
Xextern __declspec(__nothrow) int atexit(void (*  )(void)) __attribute__((__nonnull__(1)));
N   /*
N    * registers the function pointed to by func, to be called without its
N    * arguments at normal program termination. It is possible to register at
N    * least 32 functions.
N    * Returns: zero if the registration succeeds, nonzero if it fails.
N    */
N#if defined(__EDG__) && !defined(__GNUC__)
X#if 1L && !0L
N#define __LANGUAGE_LINKAGE_CHANGES_FUNCTION_TYPE
N#endif
N#if defined(__cplusplus) && defined(__LANGUAGE_LINKAGE_CHANGES_FUNCTION_TYPE) 
X#if 1L && 1L 
N    /* atexit that takes a ptr to a function with C++ linkage 
N     * but not in GNU mode  
N     */
N    typedef void (* __C_exitfuncptr)();
N    extern "C++"
N    inline int atexit(void (* __func)()) {
N      return atexit((__C_exitfuncptr)__func);
N    }
N#endif
N
N
Nextern _ARMABI_NORETURN void exit(int /*status*/);
Xextern __declspec(__nothrow) __declspec(__noreturn) void exit(int  );
N   /*
N    * causes normal program termination to occur. If more than one call to the
N    * exit function is executed by a program, the behaviour is undefined.
N    * First, all functions registered by the atexit function are called, in the
N    * reverse order of their registration.
N    * Next, all open output streams are flushed, all open streams are closed,
N    * and all files created by the tmpfile function are removed.
N    * Finally, control is returned to the host environment. If the value of
N    * status is zero or EXIT_SUCCESS, an implementation-defined form of the
N    * status 'successful termination' is returned. If the value of status is
N    * EXIT_FAILURE, an implementation-defined form of the status
N    * 'unsuccessful termination' is returned. Otherwise the status returned
N    * is implementation-defined.
N    */
N
Nextern _ARMABI_NORETURN void _Exit(int /*status*/);
Xextern __declspec(__nothrow) __declspec(__noreturn) void _Exit(int  );
N   /*
N    * causes normal program termination to occur. No functions registered
N    * by the atexit function are called.
N    * In this implementation, all open output streams are flushed, all
N    * open streams are closed, and all files created by the tmpfile function
N    * are removed.
N    * Control is returned to the host environment. The status returned to
N    * the host environment is determined in the same way as for 'exit'.
N    */     
N
Nextern _ARMABI char *getenv(const char * /*name*/) __attribute__((__nonnull__(1)));
Xextern __declspec(__nothrow) char *getenv(const char *  ) __attribute__((__nonnull__(1)));
N   /*
N    * searches the environment list, provided by the host environment, for a
N    * string that matches the string pointed to by name. The set of environment
N    * names and the method for altering the environment list are
N    * implementation-defined.
N    * Returns: a pointer to a string associated with the matched list member.
N    *          The array pointed to shall not be modified by the program, but
N    *          may be overwritten by a subsequent call to the getenv function.
N    *          If the specified name cannot be found, a null pointer is
N    *          returned.
N    */
N
Nextern _ARMABI int  system(const char * /*string*/);
Xextern __declspec(__nothrow) int  system(const char *  );
N   /*
N    * passes the string pointed to by string to the host environment to be
N    * executed by a command processor in an implementation-defined manner.
N    * A null pointer may be used for string, to inquire whether a command
N    * processor exists.
N    *
N    * Returns: If the argument is a null pointer, the system function returns
N    *          non-zero only if a command processor is available. If the
N    *          argument is not a null pointer, the system function returns an
N    *          implementation-defined value.
N    */
N
Nextern _ARMABI_THROW void *bsearch(const void * /*key*/, const void * /*base*/,
Xextern  void *bsearch(const void *  , const void *  ,
N              size_t /*nmemb*/, size_t /*size*/,
N              int (* /*compar*/)(const void *, const void *)) __attribute__((__nonnull__(1,2,5)));
N   /*
N    * searches an array of nmemb objects, the initial member of which is
N    * pointed to by base, for a member that matches the object pointed to by
N    * key. The size of each member of the array is specified by size.
N    * The contents of the array shall be in ascending sorted order according to
N    * a comparison function pointed to by compar, which is called with two
N    * arguments that point to the key object and to an array member, in that
N    * order. The function shall return an integer less than, equal to, or
N    * greater than zero if the key object is considered, respectively, to be
N    * less than, to match, or to be greater than the array member.
N    * Returns: a pointer to a matching member of the array, or a null pointer
N    *          if no match is found. If two members compare as equal, which
N    *          member is matched is unspecified.
N    */
N#if defined(__cplusplus) && defined(__LANGUAGE_LINKAGE_CHANGES_FUNCTION_TYPE)
X#if 1L && 1L
N    /* bsearch that takes a ptr to a function with C++ linkage 
N     * but not in GNU mode
N     */
N    typedef int (* __C_compareprocptr)(const void *, const void *);
N    extern "C++"
N    void *bsearch(const void * __key, const void * __base,
N              size_t __nmemb, size_t __size,
N              int (* __compar)(const void *, const void *)) __attribute__((__nonnull__(1,2,5)));
N    extern "C++"
N    inline void *bsearch(const void * __key, const void * __base,
N              size_t __nmemb, size_t __size,
N              int (* __compar)(const void *, const void *)) {
N      return bsearch(__key, __base, __nmemb, __size, (__C_compareprocptr)__compar);
N    }
N#endif
N
N
Nextern _ARMABI_THROW void qsort(void * /*base*/, size_t /*nmemb*/, size_t /*size*/,
Xextern  void qsort(void *  , size_t  , size_t  ,
N           int (* /*compar*/)(const void *, const void *)) __attribute__((__nonnull__(1,4)));
N   /*
N    * sorts an array of nmemb objects, the initial member of which is pointed
N    * to by base. The size of each object is specified by size.
N    * The contents of the array shall be in ascending order according to a
N    * comparison function pointed to by compar, which is called with two
N    * arguments that point to the objects being compared. The function shall
N    * return an integer less than, equal to, or greater than zero if the first
N    * argument is considered to be respectively less than, equal to, or greater
N    * than the second. If two members compare as equal, their order in the
N    * sorted array is unspecified.
N    */
N
N#if defined(__cplusplus) && defined(__LANGUAGE_LINKAGE_CHANGES_FUNCTION_TYPE)
X#if 1L && 1L
N    /* qsort that takes a ptr to a function with C++ linkage 
N     * but not in GNU mode
N     */    
N    extern "C++"
N    void qsort(void * __base, size_t __nmemb, size_t __size,
N               int (* __compar)(const void *, const void *)) __attribute__((__nonnull__(1,4)));
N    extern "C++"
N    inline void qsort(void * __base, size_t __nmemb, size_t __size,
N                      int (* __compar)(const void *, const void *)) {
N      qsort(__base, __nmemb, __size, (__C_compareprocptr)__compar);
N    }
N#endif
N
Nextern _ARMABI_PURE int abs(int /*j*/);
Xextern __declspec(__nothrow) __attribute__((const)) int abs(int  );
N   /*
N    * computes the absolute value of an integer j. If the result cannot be
N    * represented, the behaviour is undefined.
N    * Returns: the absolute value.
N    */
N
Nextern _ARMABI_PURE div_t div(int /*numer*/, int /*denom*/);
Xextern __declspec(__nothrow) __attribute__((const)) div_t div(int  , int  );
N   /*
N    * computes the quotient and remainder of the division of the numerator
N    * numer by the denominator denom. If the division is inexact, the resulting
N    * quotient is the integer of lesser magnitude that is the nearest to the
N    * algebraic quotient. If the result cannot be represented, the behaviour is
N    * undefined; otherwise, quot * denom + rem shall equal numer.
N    * Returns: a structure of type div_t, comprising both the quotient and the
N    *          remainder. the structure shall contain the following members,
N    *          in either order.
N    *          int quot; int rem;
N    */
Nextern _ARMABI_PURE long int labs(long int /*j*/);
Xextern __declspec(__nothrow) __attribute__((const)) long int labs(long int  );
N   /*
N    * computes the absolute value of an long integer j. If the result cannot be
N    * represented, the behaviour is undefined.
N    * Returns: the absolute value.
N    */
N#ifdef __cplusplus
N   extern "C++" inline _ARMABI_PURE long abs(long int x) { return labs(x); }
X   extern "C++" inline __declspec(__nothrow) __attribute__((const)) long abs(long int x) { return labs(x); }
N#endif
N
Nextern _ARMABI_PURE ldiv_t ldiv(long int /*numer*/, long int /*denom*/);
Xextern __declspec(__nothrow) __attribute__((const)) ldiv_t ldiv(long int  , long int  );
N   /*
N    * computes the quotient and remainder of the division of the numerator
N    * numer by the denominator denom. If the division is inexact, the sign of
N    * the resulting quotient is that of the algebraic quotient, and the
N    * magnitude of the resulting quotient is the largest integer less than the
N    * magnitude of the algebraic quotient. If the result cannot be represented,
N    * the behaviour is undefined; otherwise, quot * denom + rem shall equal
N    * numer.
N    * Returns: a structure of type ldiv_t, comprising both the quotient and the
N    *          remainder. the structure shall contain the following members,
N    *          in either order.
N    *          long int quot; long int rem;
N    */
N#ifdef __cplusplus
N   extern "C++" inline _ARMABI_PURE ldiv_t div(long int __numer, long int __denom) {
X   extern "C++" inline __declspec(__nothrow) __attribute__((const)) ldiv_t div(long int __numer, long int __denom) {
N       return ldiv(__numer, __denom);
N   }
N#endif
N
N#if !defined(__STRICT_ANSI__) || __USE_C99_STDLIB
X#if !0L || __USE_C99_STDLIB
Nextern _ARMABI_PURE __LONGLONG llabs(__LONGLONG /*j*/);
Xextern __declspec(__nothrow) __attribute__((const)) long long llabs(long long  );
N   /*
N    * computes the absolute value of a long long integer j. If the
N    * result cannot be represented, the behaviour is undefined.
N    * Returns: the absolute value.
N    */
N#ifdef __cplusplus
N   extern "C++" inline _ARMABI_PURE __LONGLONG abs(__LONGLONG x) { return llabs(x); }
X   extern "C++" inline __declspec(__nothrow) __attribute__((const)) long long abs(long long x) { return llabs(x); }
N#endif
N
Nextern _ARMABI_PURE lldiv_t lldiv(__LONGLONG /*numer*/, __LONGLONG /*denom*/);
Xextern __declspec(__nothrow) __attribute__((const)) lldiv_t lldiv(long long  , long long  );
N   /*
N    * computes the quotient and remainder of the division of the numerator
N    * numer by the denominator denom. If the division is inexact, the sign of
N    * the resulting quotient is that of the algebraic quotient, and the
N    * magnitude of the resulting quotient is the largest integer less than the
N    * magnitude of the algebraic quotient. If the result cannot be represented,
N    * the behaviour is undefined; otherwise, quot * denom + rem shall equal
N    * numer.
N    * Returns: a structure of type lldiv_t, comprising both the quotient and the
N    *          remainder. the structure shall contain the following members,
N    *          in either order.
N    *          long long quot; long long rem;
N    */
N#ifdef __cplusplus
N   extern "C++" inline _ARMABI_PURE lldiv_t div(__LONGLONG __numer, __LONGLONG __denom) {
X   extern "C++" inline __declspec(__nothrow) __attribute__((const)) lldiv_t div(long long __numer, long long __denom) {
N       return lldiv(__numer, __denom);
N   }
N#endif
N#endif
N
N#if !(__ARM_NO_DEPRECATED_FUNCTIONS)
N/*
N * ARM real-time divide functions for guaranteed performance
N */
Ntypedef struct __sdiv32by16 { int quot, rem; } __sdiv32by16;
Ntypedef struct __udiv32by16 { unsigned int quot, rem; } __udiv32by16;
N   /* used int so that values return in separate regs, although 16-bit */
Ntypedef struct __sdiv64by32 { int rem, quot; } __sdiv64by32;
N
N__value_in_regs extern _ARMABI_PURE __sdiv32by16 __rt_sdiv32by16(
X__value_in_regs extern __declspec(__nothrow) __attribute__((const)) __sdiv32by16 __rt_sdiv32by16(
N     int /*numer*/,
N     short int /*denom*/);
N   /*
N    * Signed divide: (16-bit quot), (16-bit rem) = (32-bit) / (16-bit)
N    */
N__value_in_regs extern _ARMABI_PURE __udiv32by16 __rt_udiv32by16(
X__value_in_regs extern __declspec(__nothrow) __attribute__((const)) __udiv32by16 __rt_udiv32by16(
N     unsigned int /*numer*/,
N     unsigned short /*denom*/);
N   /*
N    * Unsigned divide: (16-bit quot), (16-bit rem) = (32-bit) / (16-bit)
N    */
N__value_in_regs extern _ARMABI_PURE __sdiv64by32 __rt_sdiv64by32(
X__value_in_regs extern __declspec(__nothrow) __attribute__((const)) __sdiv64by32 __rt_sdiv64by32(
N     int /*numer_h*/, unsigned int /*numer_l*/,
N     int /*denom*/);
N   /*
N    * Signed divide: (32-bit quot), (32-bit rem) = (64-bit) / (32-bit)
N    */
N#endif
N
N/*
N * ARM floating-point mask/status function (for both hardfp and softfp)
N */
Nextern _ARMABI unsigned int __fp_status(unsigned int /*mask*/, unsigned int /*flags*/);
Xextern __declspec(__nothrow) unsigned int __fp_status(unsigned int  , unsigned int  );
N   /*
N    * mask and flags are bit-fields which correspond directly to the
N    * floating point status register in the FPE/FPA and fplib.  
N    * __fp_status returns the current value of the status register,
N    * and also sets the writable bits of the word
N    * (the exception control and flag bytes) to:
N    *
N    *     new = (old & ~mask) ^ flags;
N    */
N#define __fpsr_IXE  0x100000
N#define __fpsr_UFE  0x80000
N#define __fpsr_OFE  0x40000
N#define __fpsr_DZE  0x20000
N#define __fpsr_IOE  0x10000
N
N#define __fpsr_IXC  0x10
N#define __fpsr_UFC  0x8
N#define __fpsr_OFC  0x4
N#define __fpsr_DZC  0x2
N#define __fpsr_IOC  0x1
N
N/*
N * Multibyte Character Functions.
N * The behaviour of the multibyte character functions is affected by the
N * LC_CTYPE category of the current locale. For a state-dependent encoding,
N * each function is placed into its initial state by a call for which its
N * character pointer argument, s, is a null pointer. Subsequent calls with s
N * as other than a null pointer cause the internal state of the function to be
N * altered as necessary. A call with s as a null pointer causes these functions
N * to return a nonzero value if encodings have state dependency, and a zero
N * otherwise. After the LC_CTYPE category is changed, the shift state of these
N * functions is indeterminate.
N */
Nextern _ARMABI int mblen(const char * /*s*/, size_t /*n*/);
Xextern __declspec(__nothrow) int mblen(const char *  , size_t  );
N   /*
N    * If s is not a null pointer, the mblen function determines the number of
N    * bytes compromising the multibyte character pointed to by s. Except that
N    * the shift state of the mbtowc function is not affected, it is equivalent
N    * to   mbtowc((wchar_t *)0, s, n);
N    * Returns: If s is a null pointer, the mblen function returns a nonzero or
N    *          zero value, if multibyte character encodings, respectively, do
N    *          or do not have state-dependent encodings. If s is not a null
N    *          pointer, the mblen function either returns a 0 (if s points to a
N    *          null character), or returns the number of bytes that compromise
N    *          the multibyte character (if the next n of fewer bytes form a
N    *          valid multibyte character), or returns -1 (they do not form a
N    *          valid multibyte character).
N    */
Nextern _ARMABI int mbtowc(wchar_t * __restrict /*pwc*/,
Xextern __declspec(__nothrow) int mbtowc(wchar_t * __restrict  ,
N                   const char * __restrict /*s*/, size_t /*n*/);
N   /*
N    * If s is not a null pointer, the mbtowc function determines the number of
N    * bytes that compromise the multibyte character pointed to by s. It then
N    * determines the code for value of type wchar_t that corresponds to that
N    * multibyte character. (The value of the code corresponding to the null
N    * character is zero). If the multibyte character is valid and pwc is not a
N    * null pointer, the mbtowc function stores the code in the object pointed
N    * to by pwc. At most n bytes of the array pointed to by s will be examined.
N    * Returns: If s is a null pointer, the mbtowc function returns a nonzero or
N    *          zero value, if multibyte character encodings, respectively, do
N    *          or do not have state-dependent encodings. If s is not a null
N    *          pointer, the mbtowc function either returns a 0 (if s points to
N    *          a null character), or returns the number of bytes that
N    *          compromise the converted multibyte character (if the next n of
N    *          fewer bytes form a valid multibyte character), or returns -1
N    *          (they do not form a valid multibyte character).
N    */
Nextern _ARMABI int wctomb(char * /*s*/, wchar_t /*wchar*/);
Xextern __declspec(__nothrow) int wctomb(char *  , wchar_t  );
N   /*
N    * determines the number of bytes need to represent the multibyte character
N    * corresponding to the code whose value is wchar (including any change in
N    * shift state). It stores the multibyte character representation in the
N    * array object pointed to by s (if s is not a null pointer). At most
N    * MB_CUR_MAX characters are stored. If the value of wchar is zero, the
N    * wctomb function is left in the initial shift state).
N    * Returns: If s is a null pointer, the wctomb function returns a nonzero or
N    *          zero value, if multibyte character encodings, respectively, do
N    *          or do not have state-dependent encodings. If s is not a null
N    *          pointer, the wctomb function returns a -1 if the value of wchar
N    *          does not correspond to a valid multibyte character, or returns
N    *          the number of bytes that compromise the multibyte character
N    *          corresponding to the value of wchar.
N    */
N
N/*
N * Multibyte String Functions.
N * The behaviour of the multibyte string functions is affected by the LC_CTYPE
N * category of the current locale.
N */
Nextern _ARMABI size_t mbstowcs(wchar_t * __restrict /*pwcs*/,
Xextern __declspec(__nothrow) size_t mbstowcs(wchar_t * __restrict  ,
N                      const char * __restrict /*s*/, size_t /*n*/) __attribute__((__nonnull__(2)));
N   /*
N    * converts a sequence of multibyte character that begins in the initial
N    * shift state from the array pointed to by s into a sequence of
N    * corresponding codes and stores not more than n codes into the array
N    * pointed to by pwcs. No multibyte character that follow a null character
N    * (which is converted into a code with value zero) will be examined or
N    * converted. Each multibyte character is converted as if by a call to
N    * mbtowc function, except that the shift state of the mbtowc function is
N    * not affected. No more than n elements will be modified in the array
N    * pointed to by pwcs. If copying takes place between objects that overlap,
N    * the behaviour is undefined.
N    * Returns: If an invalid multibyte character is encountered, the mbstowcs
N    *          function returns (size_t)-1. Otherwise, the mbstowcs function
N    *          returns the number of array elements modified, not including
N    *          a terminating zero code, if any.
N    */
Nextern _ARMABI size_t wcstombs(char * __restrict /*s*/,
Xextern __declspec(__nothrow) size_t wcstombs(char * __restrict  ,
N                      const wchar_t * __restrict /*pwcs*/, size_t /*n*/) __attribute__((__nonnull__(2)));
N   /*
N    * converts a sequence of codes that correspond to multibyte characters
N    * from the array pointed to by pwcs into a sequence of multibyte
N    * characters that begins in the initial shift state and stores these
N    * multibyte characters into the array pointed to by s, stopping if a
N    * multibyte character would exceed the limit of n total bytes or if a
N    * null character is stored. Each code is converted as if by a call to the
N    * wctomb function, except that the shift state of the wctomb function is
N    * not affected. No more than n elements will be modified in the array
N    * pointed to by s. If copying takes place between objects that overlap,
N    * the behaviour is undefined.
N    * Returns: If a code is encountered that does not correspond to a valid
N    *          multibyte character, the wcstombs function returns (size_t)-1.
N    *          Otherwise, the wcstombs function returns the number of bytes
N    *          modified, not including a terminating null character, if any.
N    */
N
Nextern _ARMABI void __use_realtime_heap(void);
Xextern __declspec(__nothrow) void __use_realtime_heap(void);
Nextern _ARMABI void __use_realtime_division(void);
Xextern __declspec(__nothrow) void __use_realtime_division(void);
Nextern _ARMABI void __use_two_region_memory(void);
Xextern __declspec(__nothrow) void __use_two_region_memory(void);
Nextern _ARMABI void __use_no_heap(void);
Xextern __declspec(__nothrow) void __use_no_heap(void);
Nextern _ARMABI void __use_no_heap_region(void);
Xextern __declspec(__nothrow) void __use_no_heap_region(void);
N
Nextern _ARMABI char const *__C_library_version_string(void);
Xextern __declspec(__nothrow) char const *__C_library_version_string(void);
Nextern _ARMABI int __C_library_version_number(void);
Xextern __declspec(__nothrow) int __C_library_version_number(void);
N
N    #ifdef __cplusplus
N         }  /* extern "C" */
N      }  /* namespace std */
N    #endif /* __cplusplus */
N  #endif /* __STDLIB_DECLS */
N
N  #if _AEABI_PORTABILITY_LEVEL != 0 && !defined _AEABI_PORTABLE
X  #if _AEABI_PORTABILITY_LEVEL != 0 && !0L
S    #define _AEABI_PORTABLE
N  #endif
N
N  #ifdef __cplusplus
N    #ifndef __STDLIB_NO_EXPORTS
N      #if !defined(__STRICT_ANSI__) || __USE_C99_STDLIB
X      #if !0L || __USE_C99_STDLIB
N        using ::std::atoll;
N        using ::std::lldiv_t;
N      #endif /* !defined(__STRICT_ANSI__) || __USE_C99_STDLIB */
N      using ::std::div_t;
N      using ::std::ldiv_t;
N      using ::std::atof;
N      using ::std::atoi;
N      using ::std::atol;
N      using ::std::strtod;
N#if !defined(__STRICT_ANSI__) || __USE_C99_STDLIB
X#if !0L || __USE_C99_STDLIB
N      using ::std::strtof;
N      using ::std::strtold;
N#endif
N      using ::std::strtol;
N      using ::std::strtoul;
N      using ::std::strtoll;
N      using ::std::strtoull;
N      using ::std::rand;
N      using ::std::srand;
N      using ::std::_rand_state;
N      using ::std::_rand_r;
N      using ::std::_srand_r;
N      using ::std::_ANSI_rand_state;
N      using ::std::_ANSI_rand_r;
N      using ::std::_ANSI_srand_r;
N      using ::std::calloc;
N      using ::std::free;
N      using ::std::malloc;
N      using ::std::realloc;
N#if !defined(__STRICT_ANSI__)
X#if !0L
N      using ::std::posix_memalign;
N#endif
N      using ::std::__heapprt;
N      using ::std::__heapstats;
N      using ::std::__heapvalid;
N      using ::std::abort;
N      using ::std::atexit;
N      using ::std::exit;
N      using ::std::_Exit;
N      using ::std::getenv;
N      using ::std::system;
N      using ::std::bsearch;
N      using ::std::qsort;
N      using ::std::abs;
N      using ::std::div;
N      using ::std::labs;
N      using ::std::ldiv;
N      #if !defined(__STRICT_ANSI__) || __USE_C99_STDLIB
X      #if !0L || __USE_C99_STDLIB
N        using ::std::llabs;
N        using ::std::lldiv;
N      #endif /* !defined(__STRICT_ANSI__) || __USE_C99_STDLIB */
N#if !(__ARM_NO_DEPRECATED_FUNCTIONS)
N      using ::std::__sdiv32by16;
N      using ::std::__udiv32by16;
N      using ::std::__sdiv64by32;
N      using ::std::__rt_sdiv32by16;
N      using ::std::__rt_udiv32by16;
N      using ::std::__rt_sdiv64by32;
N#endif
N      using ::std::__fp_status;
N      using ::std::mblen;
N      using ::std::mbtowc;
N      using ::std::wctomb;
N      using ::std::mbstowcs;
N      using ::std::wcstombs;
N      using ::std::__use_realtime_heap;
N      using ::std::__use_realtime_division;
N      using ::std::__use_two_region_memory;
N      using ::std::__use_no_heap;
N      using ::std::__use_no_heap_region;
N      using ::std::__C_library_version_string;
N      using ::std::__C_library_version_number;
N      using ::std::size_t;
N      using ::std::__aeabi_MB_CUR_MAX;
N    #endif /* __STDLIB_NO_EXPORTS */
N  #endif /* __cplusplus */
N
N#undef __LONGLONG
N
N#endif /* __stdlib_h */
N
N/* end of stdlib.h */
L 18 "inc\exec.h" 2
N
Nclass Chirp;
N
Nint32_t exec_getProgIndex(const char *progName, Chirp *chirp=NULL);
Xint32_t exec_getProgIndex(const char *progName, Chirp *chirp=0);
Nint8_t exec_progIndex();
L 16 "src\exec.cpp" 2
N
Nint32_t exec_getProgIndex(const char *progName, Chirp *chirp)
N{
N	return -1;
N}
N
Nint8_t exec_progIndex()
N{
N	return -1;
N}
